0    [main] INFO  eclipse.emf.mwe.core.WorkflowEngine  - --------------------------------------------------------------------------------------
5    [main] INFO  eclipse.emf.mwe.core.WorkflowEngine  - EMF Modeling Workflow Engine 1.3.11, Build v201508030321
5    [main] INFO  eclipse.emf.mwe.core.WorkflowEngine  - (c) 2005-2009 openarchitectureware.org and contributors
5    [main] INFO  eclipse.emf.mwe.core.WorkflowEngine  - --------------------------------------------------------------------------------------
5    [main] INFO  eclipse.emf.mwe.core.WorkflowEngine  - running workflow: C:/ooh4ria/workspaceNuevo/TiendaOnline/templates/workflow/generator.mwe
5    [main] INFO  eclipse.emf.mwe.core.WorkflowEngine  - 
808  [main] INFO  lipse.emf.mwe.utils.StandaloneSetup  - Registering platform uri 'C:\ooh4ria\workspaceNuevo'
972  [main] INFO  lipse.emf.mwe.utils.StandaloneSetup  - Adding generated EPackage 'es.ua.dlsi.ooh.conceptualView.ConceptualViewPackage'
1061 [main] INFO  lipse.emf.mwe.utils.StandaloneSetup  - Adding generated EPackage 'org.eclipse.gmf.runtime.notation.NotationPackage'
1231 [main] INFO  e.core.container.CompositeComponent  - Workflow: executing workflow workflow::nhibernate::generator.mwe in C:/ooh4ria/workspaceNuevo/TiendaOnline/templates/workflow/generator.mwe:11
1231 [main] INFO  e.core.container.CompositeComponent  - XmiReader: file 'models/default.domainModel' => slot 'es_ua_dlsi_ooh_conceptual_model'
1636 [main] INFO  e.core.container.CompositeComponent  - CheckComponent: slot es_ua_dlsi_ooh_conceptual_model check file(s): metamodel::Checks 
2632 [main] INFO  e.core.container.CompositeComponent  - es.ua.dlsi.ooh.persistence.nhibernate.generator.workflowComponents.CleanBackup
Se ha borrado el directorio backup en la ubicacion: ../TiendaOnlineGen\Backup
2652 [main] INFO  e.core.container.CompositeComponent  - Generator(nhibernate.generator): generating 'workflow::nhibernate::workflow::main FOR true' => [CONFIGURATION:../TiendaOnlineGen(overwrite=false,append=false,fileEncoding=utf-8), ../TiendaOnlineGen]
La licencia está en vigor. Su fecha de expiración es: Wed Aug 18 00:06:26 CEST 2021
configuroConf:C:\Users\GASPAR~1\AppData\Local\Temp\OOH4RIA6804029898596660811.cfg
enc:utf-8
3483 [main] INFO  and2.pr.ProtectedRegionResolverImpl  - Source scan started ...
4115 [main] INFO  and2.pr.ProtectedRegionResolverImpl  - Source scan finished in 0.625s
4116 [main] INFO  and2.pr.ProtectedRegionResolverImpl  - Files scanned: 447
4116 [main] INFO  and2.pr.ProtectedRegionResolverImpl  - Regions found: 32
enc:utf-8
enc:utf-8
enc:utf-8
enc:utf-8
enc:utf-8
enc:utf-8
4832 [main] INFO  ipse.xtend.util.stdlib.IOExtensions  - UsuarioCAD
enc:utf-8
5228 [main] INFO  ipse.xtend.util.stdlib.IOExtensions  - PedidoCAD
LA clase origen: Pedido y el nombre de rol: usuario
DISTINTO en: asoOrigin: factura_pedido. El nombre del rol origen: factura de el rol destino: usuario
LA clase destino: Pedido y el nombre de rol: usuario
Encontrado en: asoTarget: pedido_usuario El nombre de rol origen (generado): pedidos y el nombre del rol destino:usuario
LA clase origen: Pedido y el nombre de rol: usuario
DISTINTO en: asoOrigin: factura_pedido. El nombre del rol origen: factura de el rol destino: usuario
LA clase destino: Pedido y el nombre de rol: usuario
Encontrado en: asoTarget: pedido_usuario El nombre de rol origen (generado): pedidos y el nombre del rol destino:usuario
LA clase origen: Pedido y el nombre de rol: usuario
DISTINTO en: asoOrigin: factura_pedido. El nombre del rol origen: factura de el rol destino: usuario
LA clase destino: Pedido y el nombre de rol: usuario
Encontrado en: asoTarget: pedido_usuario El nombre de rol origen (generado): pedidos y el nombre del rol destino:usuario
enc:utf-8
5348 [main] INFO  ipse.xtend.util.stdlib.IOExtensions  - LineaPedidoCAD
LA clase origen: LineaPedido y el nombre de rol: pedido
Encontrado en: asoOrigin: pedido_línea de pedido. El nombre del rol origen: pedido y el nombre de rol destino: lineasPedido
LA clase origen: LineaPedido y el nombre de rol: pedido
Encontrado en: asoOrigin: pedido_línea de pedido. El nombre del rol origen: pedido y el nombre de rol destino: lineasPedido
LA clase origen: LineaPedido y el nombre de rol: pedido
Encontrado en: asoOrigin: pedido_línea de pedido. El nombre del rol origen: pedido y el nombre de rol destino: lineasPedido
LA clase origen: LineaPedido y el nombre de rol: pedido
Encontrado en: asoOrigin: pedido_línea de pedido. El nombre del rol origen: pedido y el nombre de rol destino: lineasPedido
LA clase origen: LineaPedido y el nombre de rol: pedido
Encontrado en: asoOrigin: pedido_línea de pedido. El nombre del rol origen: pedido y el nombre de rol destino: lineasPedido
LA clase origen: LineaPedido y el nombre de rol: pedido
Encontrado en: asoOrigin: pedido_línea de pedido. El nombre del rol origen: pedido y el nombre de rol destino: lineasPedido
LA clase origen: LineaPedido y el nombre de rol: producto
DISTINTO en: asoOrigin: pedido_línea de pedido. El nombre del rol origen: pedido de el rol destino: producto
Encontrado en: asoOrigin: producto_lineaPedido. El nombre del rol origen: producto y el nombre de rol destino: lineasPedido
LA clase origen: LineaPedido y el nombre de rol: producto
DISTINTO en: asoOrigin: pedido_línea de pedido. El nombre del rol origen: pedido de el rol destino: producto
Encontrado en: asoOrigin: producto_lineaPedido. El nombre del rol origen: producto y el nombre de rol destino: lineasPedido
LA clase origen: LineaPedido y el nombre de rol: producto
DISTINTO en: asoOrigin: pedido_línea de pedido. El nombre del rol origen: pedido de el rol destino: producto
Encontrado en: asoOrigin: producto_lineaPedido. El nombre del rol origen: producto y el nombre de rol destino: lineasPedido
LA clase origen: LineaPedido y el nombre de rol: producto
DISTINTO en: asoOrigin: pedido_línea de pedido. El nombre del rol origen: pedido de el rol destino: producto
Encontrado en: asoOrigin: producto_lineaPedido. El nombre del rol origen: producto y el nombre de rol destino: lineasPedido
LA clase origen: LineaPedido y el nombre de rol: producto
DISTINTO en: asoOrigin: pedido_línea de pedido. El nombre del rol origen: pedido de el rol destino: producto
Encontrado en: asoOrigin: producto_lineaPedido. El nombre del rol origen: producto y el nombre de rol destino: lineasPedido
LA clase origen: LineaPedido y el nombre de rol: producto
DISTINTO en: asoOrigin: pedido_línea de pedido. El nombre del rol origen: pedido de el rol destino: producto
Encontrado en: asoOrigin: producto_lineaPedido. El nombre del rol origen: producto y el nombre de rol destino: lineasPedido
enc:utf-8
5488 [main] INFO  ipse.xtend.util.stdlib.IOExtensions  - FacturaCAD
LA clase origen: Factura y el nombre de rol: pedido
LA clase destino: Factura y el nombre de rol: pedido
Encontrado en: asoTarget: factura_pedido El nombre de rol origen (generado): factura y el nombre del rol destino:pedido
LA clase origen: Factura y el nombre de rol: pedido
LA clase destino: Factura y el nombre de rol: pedido
Encontrado en: asoTarget: factura_pedido El nombre de rol origen (generado): factura y el nombre del rol destino:pedido
LA clase origen: Factura y el nombre de rol: pedido
LA clase destino: Factura y el nombre de rol: pedido
Encontrado en: asoTarget: factura_pedido El nombre de rol origen (generado): factura y el nombre del rol destino:pedido
enc:utf-8
5663 [main] INFO  ipse.xtend.util.stdlib.IOExtensions  - ArticuloCAD
LA clase origen: Articulo y el nombre de rol: proveedor
DISTINTO en: asoOrigin: factura_artículo. El nombre del rol origen: factura de el rol destino: proveedor
Encontrado en: asoOrigin: proveedor_articulo. El nombre del rol origen: proveedor y el nombre de rol destino: articulos
LA clase origen: Articulo y el nombre de rol: proveedor
DISTINTO en: asoOrigin: factura_artículo. El nombre del rol origen: factura de el rol destino: proveedor
Encontrado en: asoOrigin: proveedor_articulo. El nombre del rol origen: proveedor y el nombre de rol destino: articulos
LA clase origen: Articulo y el nombre de rol: proveedor
DISTINTO en: asoOrigin: factura_artículo. El nombre del rol origen: factura de el rol destino: proveedor
Encontrado en: asoOrigin: proveedor_articulo. El nombre del rol origen: proveedor y el nombre de rol destino: articulos
LA clase origen: Articulo y el nombre de rol: proveedor
DISTINTO en: asoOrigin: factura_artículo. El nombre del rol origen: factura de el rol destino: proveedor
Encontrado en: asoOrigin: proveedor_articulo. El nombre del rol origen: proveedor y el nombre de rol destino: articulos
LA clase origen: Articulo y el nombre de rol: proveedor
DISTINTO en: asoOrigin: factura_artículo. El nombre del rol origen: factura de el rol destino: proveedor
Encontrado en: asoOrigin: proveedor_articulo. El nombre del rol origen: proveedor y el nombre de rol destino: articulos
LA clase origen: Articulo y el nombre de rol: proveedor
DISTINTO en: asoOrigin: factura_artículo. El nombre del rol origen: factura de el rol destino: proveedor
Encontrado en: asoOrigin: proveedor_articulo. El nombre del rol origen: proveedor y el nombre de rol destino: articulos
LA clase origen: Articulo y el nombre de rol: producto
DISTINTO en: asoOrigin: factura_artículo. El nombre del rol origen: factura de el rol destino: producto
DISTINTO en: asoOrigin: proveedor_articulo. El nombre del rol origen: proveedor de el rol destino: producto
LA clase destino: Articulo y el nombre de rol: producto
Encontrado en: asoTarget: articulo_producto El nombre de rol origen (generado): articulos y el nombre del rol destino:producto
LA clase origen: Articulo y el nombre de rol: producto
DISTINTO en: asoOrigin: factura_artículo. El nombre del rol origen: factura de el rol destino: producto
DISTINTO en: asoOrigin: proveedor_articulo. El nombre del rol origen: proveedor de el rol destino: producto
LA clase destino: Articulo y el nombre de rol: producto
Encontrado en: asoTarget: articulo_producto El nombre de rol origen (generado): articulos y el nombre del rol destino:producto
LA clase origen: Articulo y el nombre de rol: producto
DISTINTO en: asoOrigin: factura_artículo. El nombre del rol origen: factura de el rol destino: producto
DISTINTO en: asoOrigin: proveedor_articulo. El nombre del rol origen: proveedor de el rol destino: producto
LA clase destino: Articulo y el nombre de rol: producto
Encontrado en: asoTarget: articulo_producto El nombre de rol origen (generado): articulos y el nombre del rol destino:producto
enc:utf-8
5797 [main] INFO  ipse.xtend.util.stdlib.IOExtensions  - ProductoCAD
LA clase origen: Producto y el nombre de rol: adminsitrador
Encontrado en: asoOrigin: adminsitrador_producto. El nombre del rol origen: adminsitrador y el nombre de rol destino: productos
LA clase origen: Producto y el nombre de rol: adminsitrador
Encontrado en: asoOrigin: adminsitrador_producto. El nombre del rol origen: adminsitrador y el nombre de rol destino: productos
LA clase origen: Producto y el nombre de rol: adminsitrador
Encontrado en: asoOrigin: adminsitrador_producto. El nombre del rol origen: adminsitrador y el nombre de rol destino: productos
LA clase origen: Producto y el nombre de rol: adminsitrador
Encontrado en: asoOrigin: adminsitrador_producto. El nombre del rol origen: adminsitrador y el nombre de rol destino: productos
LA clase origen: Producto y el nombre de rol: adminsitrador
Encontrado en: asoOrigin: adminsitrador_producto. El nombre del rol origen: adminsitrador y el nombre de rol destino: productos
LA clase origen: Producto y el nombre de rol: adminsitrador
Encontrado en: asoOrigin: adminsitrador_producto. El nombre del rol origen: adminsitrador y el nombre de rol destino: productos
LA clase origen: Producto y el nombre de rol: categoria
DISTINTO en: asoOrigin: adminsitrador_producto. El nombre del rol origen: adminsitrador de el rol destino: categoria
DISTINTO en: asoOrigin: producto_producto_0. El nombre del rol origen: relacionados de el rol destino: categoria
Encontrado en: asoOrigin: categoría_producto. El nombre del rol origen: categoria y el nombre de rol destino: productos
LA clase origen: Producto y el nombre de rol: categoria
DISTINTO en: asoOrigin: adminsitrador_producto. El nombre del rol origen: adminsitrador de el rol destino: categoria
DISTINTO en: asoOrigin: producto_producto_0. El nombre del rol origen: relacionados de el rol destino: categoria
Encontrado en: asoOrigin: categoría_producto. El nombre del rol origen: categoria y el nombre de rol destino: productos
LA clase origen: Producto y el nombre de rol: categoria
DISTINTO en: asoOrigin: adminsitrador_producto. El nombre del rol origen: adminsitrador de el rol destino: categoria
DISTINTO en: asoOrigin: producto_producto_0. El nombre del rol origen: relacionados de el rol destino: categoria
Encontrado en: asoOrigin: categoría_producto. El nombre del rol origen: categoria y el nombre de rol destino: productos
LA clase origen: Producto y el nombre de rol: categoria
DISTINTO en: asoOrigin: adminsitrador_producto. El nombre del rol origen: adminsitrador de el rol destino: categoria
DISTINTO en: asoOrigin: producto_producto_0. El nombre del rol origen: relacionados de el rol destino: categoria
Encontrado en: asoOrigin: categoría_producto. El nombre del rol origen: categoria y el nombre de rol destino: productos
LA clase origen: Producto y el nombre de rol: categoria
DISTINTO en: asoOrigin: adminsitrador_producto. El nombre del rol origen: adminsitrador de el rol destino: categoria
DISTINTO en: asoOrigin: producto_producto_0. El nombre del rol origen: relacionados de el rol destino: categoria
Encontrado en: asoOrigin: categoría_producto. El nombre del rol origen: categoria y el nombre de rol destino: productos
LA clase origen: Producto y el nombre de rol: categoria
DISTINTO en: asoOrigin: adminsitrador_producto. El nombre del rol origen: adminsitrador de el rol destino: categoria
DISTINTO en: asoOrigin: producto_producto_0. El nombre del rol origen: relacionados de el rol destino: categoria
Encontrado en: asoOrigin: categoría_producto. El nombre del rol origen: categoria y el nombre de rol destino: productos
enc:utf-8
6018 [main] INFO  ipse.xtend.util.stdlib.IOExtensions  - ContactoCAD
LA clase origen: Contacto y el nombre de rol: usuario
DISTINTO en: asoOrigin: adminsitrador_contacto. El nombre del rol origen: adminsitrador de el rol destino: usuario
LA clase destino: Contacto y el nombre de rol: usuario
Encontrado en: asoTarget: contacto_usuario El nombre de rol origen (generado): contactos y el nombre del rol destino:usuario
LA clase origen: Contacto y el nombre de rol: usuario
DISTINTO en: asoOrigin: adminsitrador_contacto. El nombre del rol origen: adminsitrador de el rol destino: usuario
LA clase destino: Contacto y el nombre de rol: usuario
Encontrado en: asoTarget: contacto_usuario El nombre de rol origen (generado): contactos y el nombre del rol destino:usuario
LA clase origen: Contacto y el nombre de rol: usuario
DISTINTO en: asoOrigin: adminsitrador_contacto. El nombre del rol origen: adminsitrador de el rol destino: usuario
LA clase destino: Contacto y el nombre de rol: usuario
Encontrado en: asoTarget: contacto_usuario El nombre de rol origen (generado): contactos y el nombre del rol destino:usuario
enc:utf-8
6351 [main] INFO  ipse.xtend.util.stdlib.IOExtensions  - ValoracionCAD
LA clase origen: Valoracion y el nombre de rol: producto
Encontrado en: asoOrigin: producto_valoracion. El nombre del rol origen: producto y el nombre de rol destino: valoraciones
LA clase origen: Valoracion y el nombre de rol: producto
Encontrado en: asoOrigin: producto_valoracion. El nombre del rol origen: producto y el nombre de rol destino: valoraciones
LA clase origen: Valoracion y el nombre de rol: producto
Encontrado en: asoOrigin: producto_valoracion. El nombre del rol origen: producto y el nombre de rol destino: valoraciones
LA clase origen: Valoracion y el nombre de rol: producto
Encontrado en: asoOrigin: producto_valoracion. El nombre del rol origen: producto y el nombre de rol destino: valoraciones
LA clase origen: Valoracion y el nombre de rol: producto
Encontrado en: asoOrigin: producto_valoracion. El nombre del rol origen: producto y el nombre de rol destino: valoraciones
LA clase origen: Valoracion y el nombre de rol: producto
Encontrado en: asoOrigin: producto_valoracion. El nombre del rol origen: producto y el nombre de rol destino: valoraciones
LA clase origen: Valoracion y el nombre de rol: usuario
DISTINTO en: asoOrigin: producto_valoracion. El nombre del rol origen: producto de el rol destino: usuario
LA clase destino: Valoracion y el nombre de rol: usuario
Encontrado en: asoTarget: valoracion_usuario El nombre de rol origen (generado): valoraciones y el nombre del rol destino:usuario
LA clase origen: Valoracion y el nombre de rol: usuario
DISTINTO en: asoOrigin: producto_valoracion. El nombre del rol origen: producto de el rol destino: usuario
LA clase destino: Valoracion y el nombre de rol: usuario
Encontrado en: asoTarget: valoracion_usuario El nombre de rol origen (generado): valoraciones y el nombre del rol destino:usuario
LA clase origen: Valoracion y el nombre de rol: usuario
DISTINTO en: asoOrigin: producto_valoracion. El nombre del rol origen: producto de el rol destino: usuario
LA clase destino: Valoracion y el nombre de rol: usuario
Encontrado en: asoTarget: valoracion_usuario El nombre de rol origen (generado): valoraciones y el nombre del rol destino:usuario
enc:utf-8
6555 [main] INFO  ipse.xtend.util.stdlib.IOExtensions  - ComentarioCAD
LA clase origen: Comentario y el nombre de rol: usuario
Encontrado en: asoOrigin: usuario_comentario. El nombre del rol origen: usuario y el nombre de rol destino: comentarios
LA clase origen: Comentario y el nombre de rol: usuario
Encontrado en: asoOrigin: usuario_comentario. El nombre del rol origen: usuario y el nombre de rol destino: comentarios
LA clase origen: Comentario y el nombre de rol: usuario
Encontrado en: asoOrigin: usuario_comentario. El nombre del rol origen: usuario y el nombre de rol destino: comentarios
LA clase origen: Comentario y el nombre de rol: usuario
Encontrado en: asoOrigin: usuario_comentario. El nombre del rol origen: usuario y el nombre de rol destino: comentarios
LA clase origen: Comentario y el nombre de rol: usuario
Encontrado en: asoOrigin: usuario_comentario. El nombre del rol origen: usuario y el nombre de rol destino: comentarios
LA clase origen: Comentario y el nombre de rol: usuario
Encontrado en: asoOrigin: usuario_comentario. El nombre del rol origen: usuario y el nombre de rol destino: comentarios
LA clase origen: Comentario y el nombre de rol: producto
DISTINTO en: asoOrigin: usuario_comentario. El nombre del rol origen: usuario de el rol destino: producto
Encontrado en: asoOrigin: producto_comentario. El nombre del rol origen: producto y el nombre de rol destino: comentarios
LA clase origen: Comentario y el nombre de rol: producto
DISTINTO en: asoOrigin: usuario_comentario. El nombre del rol origen: usuario de el rol destino: producto
Encontrado en: asoOrigin: producto_comentario. El nombre del rol origen: producto y el nombre de rol destino: comentarios
LA clase origen: Comentario y el nombre de rol: producto
DISTINTO en: asoOrigin: usuario_comentario. El nombre del rol origen: usuario de el rol destino: producto
Encontrado en: asoOrigin: producto_comentario. El nombre del rol origen: producto y el nombre de rol destino: comentarios
LA clase origen: Comentario y el nombre de rol: producto
DISTINTO en: asoOrigin: usuario_comentario. El nombre del rol origen: usuario de el rol destino: producto
Encontrado en: asoOrigin: producto_comentario. El nombre del rol origen: producto y el nombre de rol destino: comentarios
LA clase origen: Comentario y el nombre de rol: producto
DISTINTO en: asoOrigin: usuario_comentario. El nombre del rol origen: usuario de el rol destino: producto
Encontrado en: asoOrigin: producto_comentario. El nombre del rol origen: producto y el nombre de rol destino: comentarios
LA clase origen: Comentario y el nombre de rol: producto
DISTINTO en: asoOrigin: usuario_comentario. El nombre del rol origen: usuario de el rol destino: producto
Encontrado en: asoOrigin: producto_comentario. El nombre del rol origen: producto y el nombre de rol destino: comentarios
enc:utf-8
6730 [main] INFO  ipse.xtend.util.stdlib.IOExtensions  - AdministradorCAD
enc:utf-8
6853 [main] INFO  ipse.xtend.util.stdlib.IOExtensions  - ProveedorCAD
LA clase origen: Proveedor y el nombre de rol: administrador
Encontrado en: asoOrigin: adminsitrador_proveedor. El nombre del rol origen: administrador y el nombre de rol destino: proveedores
LA clase origen: Proveedor y el nombre de rol: administrador
Encontrado en: asoOrigin: adminsitrador_proveedor. El nombre del rol origen: administrador y el nombre de rol destino: proveedores
LA clase origen: Proveedor y el nombre de rol: administrador
Encontrado en: asoOrigin: adminsitrador_proveedor. El nombre del rol origen: administrador y el nombre de rol destino: proveedores
LA clase origen: Proveedor y el nombre de rol: administrador
Encontrado en: asoOrigin: adminsitrador_proveedor. El nombre del rol origen: administrador y el nombre de rol destino: proveedores
LA clase origen: Proveedor y el nombre de rol: administrador
Encontrado en: asoOrigin: adminsitrador_proveedor. El nombre del rol origen: administrador y el nombre de rol destino: proveedores
LA clase origen: Proveedor y el nombre de rol: administrador
Encontrado en: asoOrigin: adminsitrador_proveedor. El nombre del rol origen: administrador y el nombre de rol destino: proveedores
enc:utf-8
6985 [main] INFO  ipse.xtend.util.stdlib.IOExtensions  - IdiomaCAD
enc:utf-8
7088 [main] INFO  ipse.xtend.util.stdlib.IOExtensions  - CategoriaCAD
enc:utf-8
enc:utf-8
enc:utf-8
enc:utf-8
enc:utf-8
enc:utf-8
enc:utf-8
enc:utf-8
enc:utf-8
enc:utf-8
enc:utf-8
enc:utf-8
enc:utf-8
enc:utf-8
enc:utf-8
8402 [main] INFO  ipse.xtend.util.stdlib.IOExtensions  - UsuarioCEN
enc:utf-8
8498 [main] INFO  ipse.xtend.util.stdlib.IOExtensions  - PedidoCEN
enc:utf-8
8588 [main] INFO  ipse.xtend.util.stdlib.IOExtensions  - LineaPedidoCEN
enc:utf-8
8671 [main] INFO  ipse.xtend.util.stdlib.IOExtensions  - FacturaCEN
enc:utf-8
8762 [main] INFO  ipse.xtend.util.stdlib.IOExtensions  - ArticuloCEN
enc:utf-8
8879 [main] INFO  ipse.xtend.util.stdlib.IOExtensions  - ProductoCEN
enc:utf-8
8997 [main] INFO  ipse.xtend.util.stdlib.IOExtensions  - ContactoCEN
enc:utf-8
9100 [main] INFO  ipse.xtend.util.stdlib.IOExtensions  - ValoracionCEN
enc:utf-8
9182 [main] INFO  ipse.xtend.util.stdlib.IOExtensions  - ComentarioCEN
enc:utf-8
9274 [main] INFO  ipse.xtend.util.stdlib.IOExtensions  - AdministradorCEN
enc:utf-8
9385 [main] INFO  ipse.xtend.util.stdlib.IOExtensions  - ProveedorCEN
enc:utf-8
9491 [main] INFO  ipse.xtend.util.stdlib.IOExtensions  - IdiomaCEN
enc:utf-8
9584 [main] INFO  ipse.xtend.util.stdlib.IOExtensions  - CategoriaCEN
enc:utf-8
enc:utf-8
enc:utf-8
enc:utf-8
enc:utf-8
enc:utf-8
enc:utf-8
enc:utf-8
enc:utf-8
enc:utf-8
enc:utf-8
enc:utf-8
10922 [main] INFO  ipse.xtend.util.stdlib.IOExtensions  - es.ua.dlsi.ooh.conceptualView.impl.OperationImpl@4c178a76 (name: registrar, visibility: Public, operationType: New, description: null, type: Object, collectionType: None, isStatic: false, isOrdered: false, filter: null, precondition: null, body: null, postcondition: null, automaticSynchronize: false, customized: true, paging: false, customizedTransaction: false)
10923 [main] INFO  ipse.xtend.util.stdlib.IOExtensions  - es.ua.dlsi.ooh.conceptualView.impl.OperationImpl@24313fcc (name: loguearUsuario, visibility: Public, operationType: Login, description: null, type: String, collectionType: None, isStatic: false, isOrdered: false, filter: null, precondition: null, body: null, postcondition: null, automaticSynchronize: true, customized: false, paging: false, customizedTransaction: false)
10924 [main] INFO  ipse.xtend.util.stdlib.IOExtensions  - es.ua.dlsi.ooh.conceptualView.impl.OperationImpl@41a2befb (name: readOID, visibility: Public, operationType: ReadOID, description: null, type: Object, collectionType: None, isStatic: false, isOrdered: false, filter: null, precondition: null, body: null, postcondition: null, automaticSynchronize: true, customized: false, paging: false, customizedTransaction: false)
10924 [main] INFO  ipse.xtend.util.stdlib.IOExtensions  - es.ua.dlsi.ooh.conceptualView.impl.OperationImpl@7bedc48a (name: readAll, visibility: Public, operationType: ReadAll, description: null, type: Object, collectionType: List, isStatic: false, isOrdered: false, filter: null, precondition: null, body: null, postcondition: null, automaticSynchronize: true, customized: false, paging: false, customizedTransaction: false)
10924 [main] INFO  ipse.xtend.util.stdlib.IOExtensions  - es.ua.dlsi.ooh.conceptualView.impl.OperationImpl@131ef10 (name: modificarUsuario, visibility: Public, operationType: Modifier, description: null, type: Void, collectionType: None, isStatic: false, isOrdered: false, filter: null, precondition: null, body: null, postcondition: null, automaticSynchronize: true, customized: false, paging: false, customizedTransaction: false)
10925 [main] INFO  ipse.xtend.util.stdlib.IOExtensions  - es.ua.dlsi.ooh.conceptualView.impl.OperationImpl@7c9d8e2 (name: eliminarUsuario, visibility: Public, operationType: Destroy, description: null, type: Void, collectionType: None, isStatic: false, isOrdered: false, filter: null, precondition: null, body: null, postcondition: null, automaticSynchronize: true, customized: false, paging: false, customizedTransaction: false)
10925 [main] INFO  ipse.xtend.util.stdlib.IOExtensions  - es.ua.dlsi.ooh.conceptualView.impl.OperationImpl@6200f9cb (name: banear, visibility: Public, operationType: Custom, description: null, type: Void, collectionType: None, isStatic: false, isOrdered: false, filter: null, precondition: null, body: null, postcondition: null, automaticSynchronize: true, customized: false, paging: false, customizedTransaction: false)
10925 [main] INFO  ipse.xtend.util.stdlib.IOExtensions  - es.ua.dlsi.ooh.conceptualView.impl.OperationImpl@69453e37 (name: asignaRecomendados, visibility: Public, operationType: Relationer, description: null, type: Void, collectionType: None, isStatic: false, isOrdered: false, filter: null, precondition: null, body: null, postcondition: null, automaticSynchronize: true, customized: false, paging: false, customizedTransaction: false)
10925 [main] INFO  ipse.xtend.util.stdlib.IOExtensions  - es.ua.dlsi.ooh.conceptualView.impl.OperationImpl@3d34d211 (name: desasignaRecomendados, visibility: Public, operationType: Custom, description: null, type: Void, collectionType: None, isStatic: false, isOrdered: false, filter: null, precondition: null, body: null, postcondition: null, automaticSynchronize: true, customized: false, paging: false, customizedTransaction: false)
enc:utf-8
11032 [main] INFO  ipse.xtend.util.stdlib.IOExtensions  - es.ua.dlsi.ooh.conceptualView.impl.OperationImpl@79d8407f (name: new, visibility: Public, operationType: New, description: null, type: Object, collectionType: None, isStatic: false, isOrdered: false, filter: null, precondition: null, body: null, postcondition: null, automaticSynchronize: false, customized: true, paging: false, customizedTransaction: false)
11033 [main] INFO  ipse.xtend.util.stdlib.IOExtensions  - es.ua.dlsi.ooh.conceptualView.impl.OperationImpl@1e66f1f5 (name: modify, visibility: Public, operationType: Modifier, description: null, type: Void, collectionType: None, isStatic: false, isOrdered: false, filter: null, precondition: null, body: null, postcondition: null, automaticSynchronize: true, customized: false, paging: false, customizedTransaction: false)
11033 [main] INFO  ipse.xtend.util.stdlib.IOExtensions  - es.ua.dlsi.ooh.conceptualView.impl.OperationImpl@71e9ddb4 (name: destroy, visibility: Public, operationType: Destroy, description: null, type: Void, collectionType: None, isStatic: false, isOrdered: false, filter: null, precondition: null, body: null, postcondition: null, automaticSynchronize: true, customized: false, paging: false, customizedTransaction: false)
11033 [main] INFO  ipse.xtend.util.stdlib.IOExtensions  - es.ua.dlsi.ooh.conceptualView.impl.OperationImpl@4961f6af (name: readOID, visibility: Public, operationType: ReadOID, description: null, type: Object, collectionType: None, isStatic: false, isOrdered: false, filter: null, precondition: null, body: null, postcondition: null, automaticSynchronize: true, customized: false, paging: false, customizedTransaction: false)
11033 [main] INFO  ipse.xtend.util.stdlib.IOExtensions  - es.ua.dlsi.ooh.conceptualView.impl.OperationImpl@65d09a04 (name: readAll, visibility: Public, operationType: ReadAll, description: null, type: Object, collectionType: List, isStatic: false, isOrdered: false, filter: null, precondition: null, body: null, postcondition: null, automaticSynchronize: true, customized: false, paging: false, customizedTransaction: false)
11033 [main] INFO  ipse.xtend.util.stdlib.IOExtensions  - es.ua.dlsi.ooh.conceptualView.impl.OperationImpl@33c911a1 (name: realizarPedido, visibility: Public, operationType: CustomTransaction, description: null, type: Void, collectionType: None, isStatic: false, isOrdered: false, filter: null, precondition: null, body: null, postcondition: null, automaticSynchronize: true, customized: false, paging: false, customizedTransaction: false)
enc:utf-8
11121 [main] INFO  ipse.xtend.util.stdlib.IOExtensions  - es.ua.dlsi.ooh.conceptualView.impl.OperationImpl@f79e (name: damePedidosPorUsuario, visibility: Public, operationType: ReadFilter, description: null, type: Object, collectionType: List, isStatic: false, isOrdered: false, filter: FROM PedidoEN as ped where ped.Usuario = :p_usuario, precondition: null, body: null, postcondition: null, automaticSynchronize: false, customized: false, paging: false, customizedTransaction: false)
enc:utf-8
11190 [main] INFO  ipse.xtend.util.stdlib.IOExtensions  - es.ua.dlsi.ooh.conceptualView.impl.OperationImpl@4c309d4d (name: nuevaLinea, visibility: Public, operationType: New, description: null, type: Object, collectionType: None, isStatic: false, isOrdered: false, filter: null, precondition: null, body: null, postcondition: null, automaticSynchronize: true, customized: false, paging: false, customizedTransaction: true)
enc:utf-8
11261 [main] INFO  ipse.xtend.util.stdlib.IOExtensions  - es.ua.dlsi.ooh.conceptualView.impl.OperationImpl@4e3958e7 (name: modificarLinea, visibility: Public, operationType: Modifier, description: null, type: Void, collectionType: None, isStatic: false, isOrdered: false, filter: null, precondition: null, body: null, postcondition: null, automaticSynchronize: true, customized: false, paging: false, customizedTransaction: false)
11261 [main] INFO  ipse.xtend.util.stdlib.IOExtensions  - es.ua.dlsi.ooh.conceptualView.impl.OperationImpl@5c90e579 (name: eliminarLinea, visibility: Public, operationType: Destroy, description: null, type: Void, collectionType: None, isStatic: false, isOrdered: false, filter: null, precondition: null, body: null, postcondition: null, automaticSynchronize: true, customized: false, paging: false, customizedTransaction: false)
11261 [main] INFO  ipse.xtend.util.stdlib.IOExtensions  - es.ua.dlsi.ooh.conceptualView.impl.OperationImpl@6f45df59 (name: readOID, visibility: Public, operationType: ReadOID, description: null, type: Object, collectionType: None, isStatic: false, isOrdered: false, filter: null, precondition: null, body: null, postcondition: null, automaticSynchronize: true, customized: false, paging: false, customizedTransaction: false)
11261 [main] INFO  ipse.xtend.util.stdlib.IOExtensions  - es.ua.dlsi.ooh.conceptualView.impl.OperationImpl@63070bab (name: readAll, visibility: Public, operationType: ReadAll, description: null, type: Object, collectionType: List, isStatic: false, isOrdered: false, filter: null, precondition: null, body: null, postcondition: null, automaticSynchronize: true, customized: false, paging: false, customizedTransaction: false)
enc:utf-8
11352 [main] INFO  ipse.xtend.util.stdlib.IOExtensions  - es.ua.dlsi.ooh.conceptualView.impl.OperationImpl@10d68fcd (name: crearFactura, visibility: Public, operationType: New, description: null, type: Object, collectionType: None, isStatic: false, isOrdered: false, filter: null, precondition: null, body: null, postcondition: null, automaticSynchronize: false, customized: true, paging: false, customizedTransaction: false)
11352 [main] INFO  ipse.xtend.util.stdlib.IOExtensions  - es.ua.dlsi.ooh.conceptualView.impl.OperationImpl@6db9f5a4 (name: modificarFactura, visibility: Public, operationType: Modifier, description: null, type: Void, collectionType: None, isStatic: false, isOrdered: false, filter: null, precondition: null, body: null, postcondition: null, automaticSynchronize: true, customized: false, paging: false, customizedTransaction: false)
11352 [main] INFO  ipse.xtend.util.stdlib.IOExtensions  - es.ua.dlsi.ooh.conceptualView.impl.OperationImpl@3c0be339 (name: eliminarFactura, visibility: Public, operationType: Destroy, description: null, type: Void, collectionType: None, isStatic: false, isOrdered: false, filter: null, precondition: null, body: null, postcondition: null, automaticSynchronize: true, customized: false, paging: false, customizedTransaction: false)
11353 [main] INFO  ipse.xtend.util.stdlib.IOExtensions  - es.ua.dlsi.ooh.conceptualView.impl.OperationImpl@7a675056 (name: readOID, visibility: Public, operationType: ReadOID, description: null, type: Object, collectionType: None, isStatic: false, isOrdered: false, filter: null, precondition: null, body: null, postcondition: null, automaticSynchronize: true, customized: false, paging: false, customizedTransaction: false)
11353 [main] INFO  ipse.xtend.util.stdlib.IOExtensions  - es.ua.dlsi.ooh.conceptualView.impl.OperationImpl@6e509ffa (name: readAll, visibility: Public, operationType: ReadAll, description: null, type: Object, collectionType: List, isStatic: false, isOrdered: false, filter: null, precondition: null, body: null, postcondition: null, automaticSynchronize: true, customized: false, paging: false, customizedTransaction: false)
11353 [main] INFO  ipse.xtend.util.stdlib.IOExtensions  - es.ua.dlsi.ooh.conceptualView.impl.OperationImpl@2898ac89 (name: asignarArticulos, visibility: Public, operationType: Relationer, description: null, type: Void, collectionType: None, isStatic: false, isOrdered: false, filter: null, precondition: null, body: null, postcondition: null, automaticSynchronize: true, customized: false, paging: false, customizedTransaction: false)
enc:utf-8
11427 [main] INFO  ipse.xtend.util.stdlib.IOExtensions  - es.ua.dlsi.ooh.conceptualView.impl.OperationImpl@a1cdc6d (name: readOID, visibility: Public, operationType: ReadOID, description: null, type: Object, collectionType: None, isStatic: false, isOrdered: false, filter: null, precondition: null, body: null, postcondition: null, automaticSynchronize: true, customized: false, paging: false, customizedTransaction: false)
11427 [main] INFO  ipse.xtend.util.stdlib.IOExtensions  - es.ua.dlsi.ooh.conceptualView.impl.OperationImpl@3098cf3b (name: readAll, visibility: Public, operationType: ReadAll, description: null, type: Object, collectionType: List, isStatic: false, isOrdered: false, filter: null, precondition: null, body: null, postcondition: null, automaticSynchronize: true, customized: false, paging: false, customizedTransaction: false)
11428 [main] INFO  ipse.xtend.util.stdlib.IOExtensions  - es.ua.dlsi.ooh.conceptualView.impl.OperationImpl@610f7aa (name: crearArticulo, visibility: Public, operationType: New, description: null, type: Object, collectionType: None, isStatic: false, isOrdered: false, filter: null, precondition: null, body: null, postcondition: null, automaticSynchronize: false, customized: true, paging: false, customizedTransaction: false)
11428 [main] INFO  ipse.xtend.util.stdlib.IOExtensions  - es.ua.dlsi.ooh.conceptualView.impl.OperationImpl@2118cddf (name: modificarArticulo, visibility: Public, operationType: Modifier, description: null, type: Void, collectionType: None, isStatic: false, isOrdered: false, filter: null, precondition: null, body: null, postcondition: null, automaticSynchronize: true, customized: false, paging: false, customizedTransaction: false)
11428 [main] INFO  ipse.xtend.util.stdlib.IOExtensions  - es.ua.dlsi.ooh.conceptualView.impl.OperationImpl@11fc564b (name: eliminarArticulo, visibility: Public, operationType: Destroy, description: null, type: Void, collectionType: None, isStatic: false, isOrdered: false, filter: null, precondition: null, body: null, postcondition: null, automaticSynchronize: true, customized: false, paging: false, customizedTransaction: false)
enc:utf-8
11500 [main] INFO  ipse.xtend.util.stdlib.IOExtensions  - es.ua.dlsi.ooh.conceptualView.impl.OperationImpl@3571b748 (name: anadirProducto, visibility: Public, operationType: New, description: null, type: Object, collectionType: None, isStatic: false, isOrdered: false, filter: null, precondition: null, body: null, postcondition: null, automaticSynchronize: false, customized: true, paging: false, customizedTransaction: false)
11500 [main] INFO  ipse.xtend.util.stdlib.IOExtensions  - es.ua.dlsi.ooh.conceptualView.impl.OperationImpl@740773a3 (name: modificarProducto, visibility: Public, operationType: Modifier, description: null, type: Void, collectionType: None, isStatic: false, isOrdered: false, filter: null, precondition: null, body: null, postcondition: null, automaticSynchronize: true, customized: false, paging: false, customizedTransaction: false)
11500 [main] INFO  ipse.xtend.util.stdlib.IOExtensions  - es.ua.dlsi.ooh.conceptualView.impl.OperationImpl@65b3f4a4 (name: eliminarProducto, visibility: Public, operationType: Destroy, description: null, type: Void, collectionType: None, isStatic: false, isOrdered: false, filter: null, precondition: null, body: null, postcondition: null, automaticSynchronize: true, customized: false, paging: false, customizedTransaction: false)
11500 [main] INFO  ipse.xtend.util.stdlib.IOExtensions  - es.ua.dlsi.ooh.conceptualView.impl.OperationImpl@568ff82 (name: readOID, visibility: Public, operationType: ReadOID, description: null, type: Object, collectionType: None, isStatic: false, isOrdered: false, filter: null, precondition: null, body: null, postcondition: null, automaticSynchronize: true, customized: false, paging: false, customizedTransaction: false)
11501 [main] INFO  ipse.xtend.util.stdlib.IOExtensions  - es.ua.dlsi.ooh.conceptualView.impl.OperationImpl@2a266d09 (name: readAll, visibility: Public, operationType: ReadAll, description: null, type: Object, collectionType: List, isStatic: false, isOrdered: false, filter: null, precondition: null, body: null, postcondition: null, automaticSynchronize: true, customized: false, paging: false, customizedTransaction: false)
11501 [main] INFO  ipse.xtend.util.stdlib.IOExtensions  - es.ua.dlsi.ooh.conceptualView.impl.OperationImpl@5ab9e72c (name: dameProductosPorCategoria, visibility: Public, operationType: ReadFilter, description: null, type: Object, collectionType: List, isStatic: false, isOrdered: false, filter: FROM ProductoEN as p where p.Categoria = :p_categoria, precondition: null, body: null, postcondition: null, automaticSynchronize: false, customized: false, paging: false, customizedTransaction: false)
11501 [main] INFO  ipse.xtend.util.stdlib.IOExtensions  - es.ua.dlsi.ooh.conceptualView.impl.OperationImpl@1d8bd0de (name: asignaRelacionados, visibility: Public, operationType: Relationer, description: null, type: Void, collectionType: None, isStatic: false, isOrdered: false, filter: null, precondition: null, body: null, postcondition: null, automaticSynchronize: true, customized: false, paging: false, customizedTransaction: false)
11501 [main] INFO  ipse.xtend.util.stdlib.IOExtensions  - es.ua.dlsi.ooh.conceptualView.impl.OperationImpl@757acd7b (name: dameProductosPorProveedor, visibility: Public, operationType: ReadFilter, description: null, type: Object, collectionType: List, isStatic: false, isOrdered: false, filter: select prod FROM ProductoEN as prod inner join prod.Articulos as arts where :p_proveedor in arts, precondition: null, body: null, postcondition: null, automaticSynchronize: false, customized: false, paging: false, customizedTransaction: false)
enc:utf-8
11608 [main] INFO  ipse.xtend.util.stdlib.IOExtensions  - es.ua.dlsi.ooh.conceptualView.impl.OperationImpl@5552768b (name: solicitarContacto, visibility: Public, operationType: New, description: null, type: Object, collectionType: None, isStatic: false, isOrdered: false, filter: null, precondition: null, body: null, postcondition: null, automaticSynchronize: false, customized: false, paging: false, customizedTransaction: false)
11608 [main] INFO  ipse.xtend.util.stdlib.IOExtensions  - es.ua.dlsi.ooh.conceptualView.impl.OperationImpl@1356d4d4 (name: borrarSolicitud, visibility: Public, operationType: Destroy, description: null, type: Void, collectionType: None, isStatic: false, isOrdered: false, filter: null, precondition: null, body: null, postcondition: null, automaticSynchronize: true, customized: false, paging: false, customizedTransaction: false)
11608 [main] INFO  ipse.xtend.util.stdlib.IOExtensions  - es.ua.dlsi.ooh.conceptualView.impl.OperationImpl@1329eff (name: readOID, visibility: Public, operationType: ReadOID, description: null, type: Object, collectionType: None, isStatic: false, isOrdered: false, filter: null, precondition: null, body: null, postcondition: null, automaticSynchronize: true, customized: false, paging: false, customizedTransaction: false)
11608 [main] INFO  ipse.xtend.util.stdlib.IOExtensions  - es.ua.dlsi.ooh.conceptualView.impl.OperationImpl@41c2284a (name: readAll, visibility: Public, operationType: ReadAll, description: null, type: Object, collectionType: List, isStatic: false, isOrdered: false, filter: null, precondition: null, body: null, postcondition: null, automaticSynchronize: true, customized: false, paging: false, customizedTransaction: false)
11609 [main] INFO  ipse.xtend.util.stdlib.IOExtensions  - es.ua.dlsi.ooh.conceptualView.impl.OperationImpl@53aad5d5 (name: ResponderPregunta, visibility: Public, operationType: Custom, description: null, type: Void, collectionType: None, isStatic: false, isOrdered: false, filter: null, precondition: null, body: null, postcondition: null, automaticSynchronize: true, customized: false, paging: false, customizedTransaction: false)
11609 [main] INFO  ipse.xtend.util.stdlib.IOExtensions  - es.ua.dlsi.ooh.conceptualView.impl.OperationImpl@4f67eb2a (name: asignarAdministrador, visibility: Public, operationType: Relationer, description: null, type: Void, collectionType: None, isStatic: false, isOrdered: false, filter: null, precondition: null, body: null, postcondition: null, automaticSynchronize: true, customized: false, paging: false, customizedTransaction: false)
enc:utf-8
11711 [main] INFO  ipse.xtend.util.stdlib.IOExtensions  - es.ua.dlsi.ooh.conceptualView.impl.OperationImpl@2cdd0d4b (name: readOID, visibility: Public, operationType: ReadOID, description: null, type: Object, collectionType: None, isStatic: false, isOrdered: false, filter: null, precondition: null, body: null, postcondition: null, automaticSynchronize: true, customized: false, paging: false, customizedTransaction: false)
11711 [main] INFO  ipse.xtend.util.stdlib.IOExtensions  - es.ua.dlsi.ooh.conceptualView.impl.OperationImpl@2e1d27ba (name: readAll, visibility: Public, operationType: ReadAll, description: null, type: Object, collectionType: List, isStatic: false, isOrdered: false, filter: null, precondition: null, body: null, postcondition: null, automaticSynchronize: true, customized: false, paging: false, customizedTransaction: false)
11712 [main] INFO  ipse.xtend.util.stdlib.IOExtensions  - es.ua.dlsi.ooh.conceptualView.impl.OperationImpl@61d6015a (name: anadirValoracion, visibility: Public, operationType: New, description: null, type: Object, collectionType: None, isStatic: false, isOrdered: false, filter: null, precondition: null, body: null, postcondition: null, automaticSynchronize: true, customized: false, paging: false, customizedTransaction: false)
11712 [main] INFO  ipse.xtend.util.stdlib.IOExtensions  - es.ua.dlsi.ooh.conceptualView.impl.OperationImpl@44a7bfbc (name: modificarValoracion, visibility: Public, operationType: Modifier, description: null, type: Void, collectionType: None, isStatic: false, isOrdered: false, filter: null, precondition: null, body: null, postcondition: null, automaticSynchronize: true, customized: false, paging: false, customizedTransaction: false)
11712 [main] INFO  ipse.xtend.util.stdlib.IOExtensions  - es.ua.dlsi.ooh.conceptualView.impl.OperationImpl@37858383 (name: eliminarValoracion, visibility: Public, operationType: Destroy, description: null, type: Void, collectionType: None, isStatic: false, isOrdered: false, filter: null, precondition: null, body: null, postcondition: null, automaticSynchronize: true, customized: false, paging: false, customizedTransaction: false)
11712 [main] INFO  ipse.xtend.util.stdlib.IOExtensions  - es.ua.dlsi.ooh.conceptualView.impl.OperationImpl@1bb266b3 (name: dameValoracionesPorUsuario, visibility: Public, operationType: ReadFilter, description: null, type: Object, collectionType: List, isStatic: false, isOrdered: false, filter: FROM ValoracionEN as val where val.Usuario = :p_usuario, precondition: null, body: null, postcondition: null, automaticSynchronize: false, customized: false, paging: false, customizedTransaction: false)
enc:utf-8
11783 [main] INFO  ipse.xtend.util.stdlib.IOExtensions  - es.ua.dlsi.ooh.conceptualView.impl.OperationImpl@13b13b5d (name: escribirComentario, visibility: Public, operationType: New, description: null, type: Object, collectionType: None, isStatic: false, isOrdered: false, filter: null, precondition: null, body: null, postcondition: null, automaticSynchronize: true, customized: false, paging: false, customizedTransaction: false)
11783 [main] INFO  ipse.xtend.util.stdlib.IOExtensions  - es.ua.dlsi.ooh.conceptualView.impl.OperationImpl@3315d2d7 (name: modificarComentario, visibility: Public, operationType: Modifier, description: null, type: Void, collectionType: None, isStatic: false, isOrdered: false, filter: null, precondition: null, body: null, postcondition: null, automaticSynchronize: true, customized: false, paging: false, customizedTransaction: false)
11783 [main] INFO  ipse.xtend.util.stdlib.IOExtensions  - es.ua.dlsi.ooh.conceptualView.impl.OperationImpl@55b53d44 (name: eliminarComentario, visibility: Public, operationType: Destroy, description: null, type: Void, collectionType: None, isStatic: false, isOrdered: false, filter: null, precondition: null, body: null, postcondition: null, automaticSynchronize: true, customized: false, paging: false, customizedTransaction: false)
11783 [main] INFO  ipse.xtend.util.stdlib.IOExtensions  - es.ua.dlsi.ooh.conceptualView.impl.OperationImpl@366647c2 (name: readOID, visibility: Public, operationType: ReadOID, description: null, type: Object, collectionType: None, isStatic: false, isOrdered: false, filter: null, precondition: null, body: null, postcondition: null, automaticSynchronize: true, customized: false, paging: false, customizedTransaction: false)
11783 [main] INFO  ipse.xtend.util.stdlib.IOExtensions  - es.ua.dlsi.ooh.conceptualView.impl.OperationImpl@1649b0e6 (name: readAll, visibility: Public, operationType: ReadAll, description: null, type: Object, collectionType: List, isStatic: false, isOrdered: false, filter: null, precondition: null, body: null, postcondition: null, automaticSynchronize: true, customized: false, paging: false, customizedTransaction: false)
11783 [main] INFO  ipse.xtend.util.stdlib.IOExtensions  - es.ua.dlsi.ooh.conceptualView.impl.OperationImpl@865dd6 (name: dameComentariosPorUsuario, visibility: Public, operationType: ReadFilter, description: null, type: Object, collectionType: List, isStatic: false, isOrdered: false, filter: FROM ComentarioEN as com where com.Usuario is not null and com.Usuario = :p_usuario, precondition: null, body: null, postcondition: null, automaticSynchronize: false, customized: false, paging: false, customizedTransaction: false)
enc:utf-8
11854 [main] INFO  ipse.xtend.util.stdlib.IOExtensions  - es.ua.dlsi.ooh.conceptualView.impl.OperationImpl@51f116b8 (name: darDeAlta, visibility: Public, operationType: New, description: null, type: Object, collectionType: None, isStatic: false, isOrdered: false, filter: null, precondition: null, body: null, postcondition: null, automaticSynchronize: true, customized: false, paging: false, customizedTransaction: false)
11855 [main] INFO  ipse.xtend.util.stdlib.IOExtensions  - es.ua.dlsi.ooh.conceptualView.impl.OperationImpl@4d910fd6 (name: modificar, visibility: Public, operationType: Modifier, description: null, type: Void, collectionType: None, isStatic: false, isOrdered: false, filter: null, precondition: null, body: null, postcondition: null, automaticSynchronize: true, customized: false, paging: false, customizedTransaction: false)
11855 [main] INFO  ipse.xtend.util.stdlib.IOExtensions  - es.ua.dlsi.ooh.conceptualView.impl.OperationImpl@3246fb96 (name: darDeBaja, visibility: Public, operationType: Destroy, description: null, type: Void, collectionType: None, isStatic: false, isOrdered: false, filter: null, precondition: null, body: null, postcondition: null, automaticSynchronize: true, customized: false, paging: false, customizedTransaction: false)
11855 [main] INFO  ipse.xtend.util.stdlib.IOExtensions  - es.ua.dlsi.ooh.conceptualView.impl.OperationImpl@61386958 (name: readOID, visibility: Public, operationType: ReadOID, description: null, type: Object, collectionType: None, isStatic: false, isOrdered: false, filter: null, precondition: null, body: null, postcondition: null, automaticSynchronize: true, customized: false, paging: false, customizedTransaction: false)
11855 [main] INFO  ipse.xtend.util.stdlib.IOExtensions  - es.ua.dlsi.ooh.conceptualView.impl.OperationImpl@7671cb68 (name: readAll, visibility: Public, operationType: ReadAll, description: null, type: Object, collectionType: List, isStatic: false, isOrdered: false, filter: null, precondition: null, body: null, postcondition: null, automaticSynchronize: true, customized: false, paging: false, customizedTransaction: false)
11855 [main] INFO  ipse.xtend.util.stdlib.IOExtensions  - es.ua.dlsi.ooh.conceptualView.impl.OperationImpl@49dc7102 (name: loguearAdmin, visibility: Public, operationType: Login, description: null, type: String, collectionType: None, isStatic: false, isOrdered: false, filter: null, precondition: null, body: null, postcondition: null, automaticSynchronize: true, customized: false, paging: false, customizedTransaction: false)
enc:utf-8
11926 [main] INFO  ipse.xtend.util.stdlib.IOExtensions  - es.ua.dlsi.ooh.conceptualView.impl.OperationImpl@747edf66 (name: anadirProveedor, visibility: Public, operationType: New, description: null, type: Object, collectionType: None, isStatic: false, isOrdered: false, filter: null, precondition: null, body: null, postcondition: null, automaticSynchronize: true, customized: false, paging: false, customizedTransaction: false)
11926 [main] INFO  ipse.xtend.util.stdlib.IOExtensions  - es.ua.dlsi.ooh.conceptualView.impl.OperationImpl@74455848 (name: modificarProveedor, visibility: Public, operationType: Modifier, description: null, type: Void, collectionType: None, isStatic: false, isOrdered: false, filter: null, precondition: null, body: null, postcondition: null, automaticSynchronize: true, customized: false, paging: false, customizedTransaction: false)
11926 [main] INFO  ipse.xtend.util.stdlib.IOExtensions  - es.ua.dlsi.ooh.conceptualView.impl.OperationImpl@69e1dd28 (name: eliminarProveedor, visibility: Public, operationType: Destroy, description: null, type: Void, collectionType: None, isStatic: false, isOrdered: false, filter: null, precondition: null, body: null, postcondition: null, automaticSynchronize: true, customized: false, paging: false, customizedTransaction: false)
11926 [main] INFO  ipse.xtend.util.stdlib.IOExtensions  - es.ua.dlsi.ooh.conceptualView.impl.OperationImpl@c333c60 (name: readOID, visibility: Public, operationType: ReadOID, description: null, type: Object, collectionType: None, isStatic: false, isOrdered: false, filter: null, precondition: null, body: null, postcondition: null, automaticSynchronize: true, customized: false, paging: false, customizedTransaction: false)
11926 [main] INFO  ipse.xtend.util.stdlib.IOExtensions  - es.ua.dlsi.ooh.conceptualView.impl.OperationImpl@1eb5174b (name: readAll, visibility: Public, operationType: ReadAll, description: null, type: Object, collectionType: List, isStatic: false, isOrdered: false, filter: null, precondition: null, body: null, postcondition: null, automaticSynchronize: true, customized: false, paging: false, customizedTransaction: false)
enc:utf-8
11994 [main] INFO  ipse.xtend.util.stdlib.IOExtensions  - es.ua.dlsi.ooh.conceptualView.impl.OperationImpl@be35cd9 (name: nuevoIdioma, visibility: Public, operationType: New, description: null, type: Object, collectionType: None, isStatic: false, isOrdered: false, filter: null, precondition: null, body: null, postcondition: null, automaticSynchronize: true, customized: false, paging: false, customizedTransaction: false)
11994 [main] INFO  ipse.xtend.util.stdlib.IOExtensions  - es.ua.dlsi.ooh.conceptualView.impl.OperationImpl@44821a96 (name: modificarIdioma, visibility: Public, operationType: Modifier, description: null, type: Void, collectionType: None, isStatic: false, isOrdered: false, filter: null, precondition: null, body: null, postcondition: null, automaticSynchronize: true, customized: false, paging: false, customizedTransaction: false)
11994 [main] INFO  ipse.xtend.util.stdlib.IOExtensions  - es.ua.dlsi.ooh.conceptualView.impl.OperationImpl@732c2a62 (name: eliminarIdioma, visibility: Public, operationType: Destroy, description: null, type: Void, collectionType: None, isStatic: false, isOrdered: false, filter: null, precondition: null, body: null, postcondition: null, automaticSynchronize: true, customized: false, paging: false, customizedTransaction: false)
11994 [main] INFO  ipse.xtend.util.stdlib.IOExtensions  - es.ua.dlsi.ooh.conceptualView.impl.OperationImpl@41fecb8b (name: readOID, visibility: Public, operationType: ReadOID, description: null, type: Object, collectionType: None, isStatic: false, isOrdered: false, filter: null, precondition: null, body: null, postcondition: null, automaticSynchronize: true, customized: false, paging: false, customizedTransaction: false)
11994 [main] INFO  ipse.xtend.util.stdlib.IOExtensions  - es.ua.dlsi.ooh.conceptualView.impl.OperationImpl@625732 (name: readAll, visibility: Public, operationType: ReadAll, description: null, type: Object, collectionType: List, isStatic: false, isOrdered: false, filter: null, precondition: null, body: null, postcondition: null, automaticSynchronize: true, customized: false, paging: false, customizedTransaction: false)
enc:utf-8
12074 [main] INFO  ipse.xtend.util.stdlib.IOExtensions  - es.ua.dlsi.ooh.conceptualView.impl.OperationImpl@1b6e1eff (name: nuevaCategoria, visibility: Public, operationType: New, description: null, type: Object, collectionType: None, isStatic: false, isOrdered: false, filter: null, precondition: null, body: null, postcondition: null, automaticSynchronize: true, customized: false, paging: false, customizedTransaction: false)
12075 [main] INFO  ipse.xtend.util.stdlib.IOExtensions  - es.ua.dlsi.ooh.conceptualView.impl.OperationImpl@702b8b12 (name: modificarCategoria, visibility: Public, operationType: Modifier, description: null, type: Void, collectionType: None, isStatic: false, isOrdered: false, filter: null, precondition: null, body: null, postcondition: null, automaticSynchronize: true, customized: false, paging: false, customizedTransaction: false)
12077 [main] INFO  ipse.xtend.util.stdlib.IOExtensions  - es.ua.dlsi.ooh.conceptualView.impl.OperationImpl@10163d6 (name: eliminarCategoria, visibility: Public, operationType: Destroy, description: null, type: Void, collectionType: None, isStatic: false, isOrdered: false, filter: null, precondition: null, body: null, postcondition: null, automaticSynchronize: true, customized: false, paging: false, customizedTransaction: false)
12078 [main] INFO  ipse.xtend.util.stdlib.IOExtensions  - es.ua.dlsi.ooh.conceptualView.impl.OperationImpl@15bbf42f (name: readOID, visibility: Public, operationType: ReadOID, description: null, type: Object, collectionType: None, isStatic: false, isOrdered: false, filter: null, precondition: null, body: null, postcondition: null, automaticSynchronize: true, customized: false, paging: false, customizedTransaction: false)
12078 [main] INFO  ipse.xtend.util.stdlib.IOExtensions  - es.ua.dlsi.ooh.conceptualView.impl.OperationImpl@5f9b2141 (name: readAll, visibility: Public, operationType: ReadAll, description: null, type: Object, collectionType: List, isStatic: false, isOrdered: false, filter: null, precondition: null, body: null, postcondition: null, automaticSynchronize: true, customized: false, paging: false, customizedTransaction: false)
enc:utf-8
12192 [main] INFO  ipse.xtend.util.stdlib.IOExtensions  - UsuarioEN
enc:utf-8
12307 [main] INFO  ipse.xtend.util.stdlib.IOExtensions  - PedidoEN
enc:utf-8
12429 [main] INFO  ipse.xtend.util.stdlib.IOExtensions  - LineaPedidoEN
enc:utf-8
12519 [main] INFO  ipse.xtend.util.stdlib.IOExtensions  - FacturaEN
enc:utf-8
12616 [main] INFO  ipse.xtend.util.stdlib.IOExtensions  - ArticuloEN
enc:utf-8
12736 [main] INFO  ipse.xtend.util.stdlib.IOExtensions  - ProductoEN
enc:utf-8
12839 [main] INFO  ipse.xtend.util.stdlib.IOExtensions  - ContactoEN
enc:utf-8
12949 [main] INFO  ipse.xtend.util.stdlib.IOExtensions  - ValoracionEN
enc:utf-8
13024 [main] INFO  ipse.xtend.util.stdlib.IOExtensions  - ComentarioEN
enc:utf-8
13120 [main] INFO  ipse.xtend.util.stdlib.IOExtensions  - AdministradorEN
enc:utf-8
13226 [main] INFO  ipse.xtend.util.stdlib.IOExtensions  - ProveedorEN
enc:utf-8
13302 [main] INFO  ipse.xtend.util.stdlib.IOExtensions  - IdiomaEN
enc:utf-8
13400 [main] INFO  ipse.xtend.util.stdlib.IOExtensions  - CategoriaEN
enc:utf-8
enc:utf-8
enc:utf-8
enc:utf-8
enc:utf-8
13825 [main] INFO  ipse.xtend.util.stdlib.IOExtensions  - EN
13845 [main] INFO  ipse.xtend.util.stdlib.IOExtensions  - EN
13851 [main] INFO  ipse.xtend.util.stdlib.IOExtensions  - EN
13854 [main] INFO  ipse.xtend.util.stdlib.IOExtensions  - EN
13860 [main] INFO  ipse.xtend.util.stdlib.IOExtensions  - EN
13868 [main] INFO  ipse.xtend.util.stdlib.IOExtensions  - EN
13886 [main] INFO  ipse.xtend.util.stdlib.IOExtensions  - EN
13897 [main] INFO  ipse.xtend.util.stdlib.IOExtensions  - EN
13912 [main] INFO  ipse.xtend.util.stdlib.IOExtensions  - EN
13922 [main] INFO  ipse.xtend.util.stdlib.IOExtensions  - EN
13931 [main] INFO  ipse.xtend.util.stdlib.IOExtensions  - EN
13942 [main] INFO  ipse.xtend.util.stdlib.IOExtensions  - EN
13946 [main] INFO  ipse.xtend.util.stdlib.IOExtensions  - EN
enc:utf-8
enc:utf-8
14315 [main] INFO         org.eclipse.xpand2.Generator  - Written 12 files to outlet [default](../TiendaOnlineGen)
14315 [main] INFO         org.eclipse.xpand2.Generator  - Skipped writing of 102 files to outlet [default](../TiendaOnlineGen)
14315 [main] INFO  e.core.container.CompositeComponent  - es.ua.dlsi.ooh.persistence.nhibernate.generator.workflowComponents.CreateSolution
14355 [main] INFO  e.core.container.CompositeComponent  - es.ua.dlsi.ooh.persistence.nhibernate.generator.workflowComponents.UpdateSolution
14463 [main] INFO  e.core.container.CompositeComponent  - es.ua.dlsi.ooh.persistence.nhibernate.generator.workflowComponents.CopyDLLs
../TiendaOnlineGen\TiendaOnlineGenNHibernate\AppLib\Antlr3.Runtime.dll
../TiendaOnlineGen\TiendaOnlineGenNHibernate\AppLib\Castle.DynamicProxy2.dll
../TiendaOnlineGen\TiendaOnlineGenNHibernate\AppLib\Iesi.Collections.dll
../TiendaOnlineGen\TiendaOnlineGenNHibernate\AppLib\jose-jwt.dll
../TiendaOnlineGen\TiendaOnlineGenNHibernate\AppLib\LinFu.DynamicProxy.dll
../TiendaOnlineGen\TiendaOnlineGenNHibernate\AppLib\log4net.dll
../TiendaOnlineGen\TiendaOnlineGenNHibernate\AppLib\Newtonsoft.Json.dll
../TiendaOnlineGen\TiendaOnlineGenNHibernate\AppLib\NHibernate.ByteCode.Castle.dll
../TiendaOnlineGen\TiendaOnlineGenNHibernate\AppLib\NHibernate.ByteCode.LinFu.dll
../TiendaOnlineGen\TiendaOnlineGenNHibernate\AppLib\NHibernate.dll
../TiendaOnlineGen\TiendaOnlineGenNHibernate\AppLib\nunit.core.dll
../TiendaOnlineGen\TiendaOnlineGenNHibernate\AppLib\nunit.framework.dll
14500 [main] INFO  eclipse.emf.mwe.core.WorkflowEngine  - workflow completed in 13270ms!
